<?xml version="1.0" encoding="UTF-8"?>
<!-- Generated by org.testng.reporters.JUnitReportReporter -->
<testsuite hostname="MWEB-GBD3DUC021" failures="0" tests="3" name="test.TestNGroupsDemo" time="0.029" errors="0" timestamp="2023-08-29T16:10:18 GMT-04:00" skipped="0">
  <testcase classname="test.TestNGroupsDemo" name="test3" time="0.004"/>
  <testcase classname="test.TestNGroupsDemo" name="test2" time="0.004"/>
  <testcase classname="test.TestNGroupsDemo" name="test1" time="0.021"/>
</testsuite> <!-- test.TestNGroupsDemo -->
