<?xml version="1.0" encoding="UTF-8"?>
<!-- Generated by org.testng.reporters.JUnitReportReporter -->
<testsuite hostname="MWEB-GBD3DUC021" failures="0" tests="1" name="test.Testngdemo2" time="10.562" errors="0" timestamp="2023-09-11T15:38:31 GMT-04:00" skipped="0">
  <testcase classname="test.Testngdemo2" name="googlesearch2" time="10.562"/>
</testsuite> <!-- test.Testngdemo2 -->
