<?xml version="1.0" encoding="UTF-8"?>
<!-- Generated by org.testng.reporters.JUnitReportReporter -->
<testsuite hostname="MWEB-GBD3DUC021" failures="0" tests="3" name="test.Testngprioritydemo" time="0.028" errors="0" timestamp="2023-08-28T16:52:15 GMT-04:00" skipped="0">
  <testcase classname="test.Testngprioritydemo" name="three" time="0.017"/>
  <testcase classname="test.Testngprioritydemo" name="two" time="0.006"/>
  <testcase classname="test.Testngprioritydemo" name="one" time="0.005"/>
</testsuite> <!-- test.Testngprioritydemo -->
