<?xml version="1.0" encoding="UTF-8"?>
<!-- Generated by org.testng.reporters.JUnitReportReporter -->
<testsuite hostname="MWEB-GBD3DUC021" failures="0" tests="1" name="test.UntitledTestCase" time="9.688" errors="0" timestamp="2023-08-30T14:46:44 GMT-04:00" skipped="0">
  <testcase classname="test.UntitledTestCase" name="testUntitledTestCase" time="9.688"/>
</testsuite> <!-- test.UntitledTestCase -->
