<?xml version="1.0" encoding="UTF-8"?>
<!-- Generated by org.testng.reporters.JUnitReportReporter -->
<testsuite hostname="MWEB-GBD3DUC021" failures="0" tests="1" name="test.Testngdemo" time="12.401" errors="0" timestamp="2023-08-25T05:52:30 GMT-04:00" skipped="0">
  <testcase classname="test.Testngdemo" name="googlesearch" time="12.401"/>
</testsuite> <!-- test.Testngdemo -->
