<?xml version="1.0" encoding="UTF-8"?>
<!-- Generated by org.testng.reporters.JUnitReportReporter -->
<testsuite hostname="MWEB-GBD3DUC021" failures="0" tests="2" name="test.Ignoredemo" time="0.016" errors="0" timestamp="2023-08-29T16:19:25 GMT-04:00" skipped="1">
  <testcase classname="test.Ignoredemo" name="test2" time="0.016"/>
  <testcase classname="test.Ignoredemo" name="test1">
    <skipped/>
  </testcase> <!-- test1 -->
</testsuite> <!-- test.Ignoredemo -->
