<?xml version="1.0" encoding="UTF-8"?>
<!-- Generated by org.testng.reporters.JUnitReportReporter -->
<testsuite hostname="MWEB-GBD3DUC021" failures="0" tests="1" name="test.Testngdemo2" time="9.903" errors="0" timestamp="2023-08-29T16:27:02 GMT-04:00" skipped="0">
  <testcase classname="test.Testngdemo2" name="googlesearch2" time="9.903"/>
</testsuite> <!-- test.Testngdemo2 -->
