<?xml version="1.0" encoding="UTF-8"?>
<!-- Generated by org.testng.reporters.JUnitReportReporter -->
<testsuite hostname="MWEB-GBD3DUC021" failures="0" tests="1" name="test.Screenshot" time="5.457" errors="0" timestamp="2023-09-12T10:34:52 GMT-04:00" skipped="0">
  <testcase classname="test.Screenshot" name="test1" time="5.457"/>
</testsuite> <!-- test.Screenshot -->
