<?xml version="1.0" encoding="UTF-8"?>
<!-- Generated by org.testng.reporters.JUnitReportReporter -->
<testsuite hostname="MWEB-GBD3DUC021" failures="0" tests="1" name="test.TestNGparsmetersdeom" time="0.018" errors="0" timestamp="2023-09-06T16:13:00 GMT-04:00" skipped="0">
  <testcase classname="test.TestNGparsmetersdeom" name="test" time="0.018"/>
</testsuite> <!-- test.TestNGparsmetersdeom -->
