<?xml version="1.0" encoding="UTF-8"?>
<!-- Generated by org.testng.reporters.JUnitReportReporter -->
<testsuite hostname="MWEB-GBD3DUC021" failures="0" tests="3" name="test.TestNGDependencyDemo" time="0.027" errors="0" timestamp="2023-08-29T16:15:51 GMT-04:00" skipped="0">
  <testcase classname="test.TestNGDependencyDemo" name="test" time="0.005"/>
  <testcase classname="test.TestNGDependencyDemo" name="test3" time="0.005"/>
  <testcase classname="test.TestNGDependencyDemo" name="test2" time="0.017"/>
</testsuite> <!-- test.TestNGDependencyDemo -->
