<?xml version="1.0" encoding="UTF-8"?>
<!-- Generated by org.testng.reporters.JUnitReportReporter -->
<testsuite hostname="MWEB-GBD3DUC021" failures="0" tests="3" name="test.TestNGmultiplebrowserdemo" time="37.027" errors="0" timestamp="2023-09-12T03:14:55 GMT-04:00" skipped="0">
  <testcase classname="test.TestNGmultiplebrowserdemo" name="test" time="8.578"/>
  <testcase classname="test.TestNGmultiplebrowserdemo" name="test" time="20.007"/>
  <testcase classname="test.TestNGmultiplebrowserdemo" name="test" time="8.442"/>
</testsuite> <!-- test.TestNGmultiplebrowserdemo -->
