<?xml version="1.0" encoding="UTF-8"?>
<!-- Generated by org.testng.reporters.JUnitReportReporter -->
<testsuite hostname="MWEB-GBD3DUC021" failures="0" tests="2" name="test.Extentreportstestng" time="0.096" errors="0" timestamp="2023-08-21T16:42:11 GMT-04:00" skipped="0">
  <testcase classname="test.Extentreportstestng" name="test1" time="0.078"/>
  <testcase classname="test.Extentreportstestng" name="test2" time="0.018"/>
</testsuite> <!-- test.Extentreportstestng -->
