<?xml version="1.0" encoding="UTF-8"?>
<!-- Generated by org.testng.reporters.JUnitReportReporter -->
<testsuite hostname="MWEB-GBD3DUC021" failures="0" tests="1" name="Utils.Exceldataprovider" time="0.011" errors="0" timestamp="2023-08-28T04:24:47 GMT-04:00" skipped="0">
  <testcase classname="Utils.Exceldataprovider" name="test1" time="0.011"/>
</testsuite> <!-- Utils.Exceldataprovider -->
